2020-02-12 10:23:55,763 - Parser Exception: templates/posts.vtl
org.apache.velocity.runtime.parser.ParseException: Encountered "#foreach" at line 54, column 13.
Was expecting one of:
    <IDENTIFIER> ...
    "{" ...
    
	at org.apache.velocity.runtime.parser.Parser.generateParseException(Parser.java:3679)
	at org.apache.velocity.runtime.parser.Parser.jj_consume_token(Parser.java:3558)
	at org.apache.velocity.runtime.parser.Parser.Reference(Parser.java:1525)
	at org.apache.velocity.runtime.parser.Parser.SetDirective(Parser.java:1961)
	at org.apache.velocity.runtime.parser.Parser.Statement(Parser.java:369)
	at org.apache.velocity.runtime.parser.Parser.Directive(Parser.java:918)
	at org.apache.velocity.runtime.parser.Parser.Statement(Parser.java:379)
	at org.apache.velocity.runtime.parser.Parser.process(Parser.java:317)
	at org.apache.velocity.runtime.parser.Parser.parse(Parser.java:117)
	at org.apache.velocity.runtime.RuntimeInstance.parse(RuntimeInstance.java:1226)
	at org.apache.velocity.runtime.RuntimeInstance.parse(RuntimeInstance.java:1181)
	at org.apache.velocity.Template.process(Template.java:134)
	at org.apache.velocity.runtime.resource.ResourceManagerImpl.loadResource(ResourceManagerImpl.java:437)
	at org.apache.velocity.runtime.resource.ResourceManagerImpl.getResource(ResourceManagerImpl.java:352)
	at org.apache.velocity.runtime.RuntimeInstance.getTemplate(RuntimeInstance.java:1533)
	at org.apache.velocity.app.VelocityEngine.getTemplate(VelocityEngine.java:392)
	at VelocityTemplateEngine.render(VelocityTemplateEngine.java:79)
	at Main.lambda$main$3(Main.java:108)
	at spark.RouteImpl$1.handle(RouteImpl.java:72)
	at spark.http.matching.Routes.execute(Routes.java:61)
	at spark.http.matching.MatcherFilter.doFilter(MatcherFilter.java:130)
	at spark.embeddedserver.jetty.JettyHandler.doHandle(JettyHandler.java:50)
	at org.eclipse.jetty.server.session.SessionHandler.doScope(SessionHandler.java:1568)
	at org.eclipse.jetty.server.handler.ScopedHandler.handle(ScopedHandler.java:141)
	at org.eclipse.jetty.server.handler.HandlerWrapper.handle(HandlerWrapper.java:132)
	at org.eclipse.jetty.server.Server.handle(Server.java:530)
	at org.eclipse.jetty.server.HttpChannel.handle(HttpChannel.java:347)
	at org.eclipse.jetty.server.HttpConnection.onFillable(HttpConnection.java:256)
	at org.eclipse.jetty.io.AbstractConnection$ReadCallback.succeeded(AbstractConnection.java:279)
	at org.eclipse.jetty.io.FillInterest.fillable(FillInterest.java:102)
	at org.eclipse.jetty.io.ChannelEndPoint$2.run(ChannelEndPoint.java:124)
	at org.eclipse.jetty.util.thread.strategy.EatWhatYouKill.doProduce(EatWhatYouKill.java:247)
	at org.eclipse.jetty.util.thread.strategy.EatWhatYouKill.produce(EatWhatYouKill.java:140)
	at org.eclipse.jetty.util.thread.strategy.EatWhatYouKill.run(EatWhatYouKill.java:131)
	at org.eclipse.jetty.util.thread.ReservedThreadExecutor$ReservedThread.run(ReservedThreadExecutor.java:382)
	at org.eclipse.jetty.util.thread.QueuedThreadPool.runJob(QueuedThreadPool.java:708)
	at org.eclipse.jetty.util.thread.QueuedThreadPool$2.run(QueuedThreadPool.java:626)
	at java.base/java.lang.Thread.run(Thread.java:830)
2020-02-12 10:23:55,767 - ResourceManager.getResource() parse exception
org.apache.velocity.exception.ParseErrorException: Encountered "#foreach" at templates/posts.vtl[line 54, column 13]
Was expecting one of:
    <IDENTIFIER> ...
    "{" ...
    
	at org.apache.velocity.Template.process(Template.java:151)
	at org.apache.velocity.runtime.resource.ResourceManagerImpl.loadResource(ResourceManagerImpl.java:437)
	at org.apache.velocity.runtime.resource.ResourceManagerImpl.getResource(ResourceManagerImpl.java:352)
	at org.apache.velocity.runtime.RuntimeInstance.getTemplate(RuntimeInstance.java:1533)
	at org.apache.velocity.app.VelocityEngine.getTemplate(VelocityEngine.java:392)
	at VelocityTemplateEngine.render(VelocityTemplateEngine.java:79)
	at Main.lambda$main$3(Main.java:108)
	at spark.RouteImpl$1.handle(RouteImpl.java:72)
	at spark.http.matching.Routes.execute(Routes.java:61)
	at spark.http.matching.MatcherFilter.doFilter(MatcherFilter.java:130)
	at spark.embeddedserver.jetty.JettyHandler.doHandle(JettyHandler.java:50)
	at org.eclipse.jetty.server.session.SessionHandler.doScope(SessionHandler.java:1568)
	at org.eclipse.jetty.server.handler.ScopedHandler.handle(ScopedHandler.java:141)
	at org.eclipse.jetty.server.handler.HandlerWrapper.handle(HandlerWrapper.java:132)
	at org.eclipse.jetty.server.Server.handle(Server.java:530)
	at org.eclipse.jetty.server.HttpChannel.handle(HttpChannel.java:347)
	at org.eclipse.jetty.server.HttpConnection.onFillable(HttpConnection.java:256)
	at org.eclipse.jetty.io.AbstractConnection$ReadCallback.succeeded(AbstractConnection.java:279)
	at org.eclipse.jetty.io.FillInterest.fillable(FillInterest.java:102)
	at org.eclipse.jetty.io.ChannelEndPoint$2.run(ChannelEndPoint.java:124)
	at org.eclipse.jetty.util.thread.strategy.EatWhatYouKill.doProduce(EatWhatYouKill.java:247)
	at org.eclipse.jetty.util.thread.strategy.EatWhatYouKill.produce(EatWhatYouKill.java:140)
	at org.eclipse.jetty.util.thread.strategy.EatWhatYouKill.run(EatWhatYouKill.java:131)
	at org.eclipse.jetty.util.thread.ReservedThreadExecutor$ReservedThread.run(ReservedThreadExecutor.java:382)
	at org.eclipse.jetty.util.thread.QueuedThreadPool.runJob(QueuedThreadPool.java:708)
	at org.eclipse.jetty.util.thread.QueuedThreadPool$2.run(QueuedThreadPool.java:626)
	at java.base/java.lang.Thread.run(Thread.java:830)
2020-02-12 10:23:55,828 - Parser Exception: templates/posts.vtl
org.apache.velocity.runtime.parser.ParseException: Encountered "#foreach" at line 54, column 13.
Was expecting one of:
    <IDENTIFIER> ...
    "{" ...
    
	at org.apache.velocity.runtime.parser.Parser.generateParseException(Parser.java:3679)
	at org.apache.velocity.runtime.parser.Parser.jj_consume_token(Parser.java:3558)
	at org.apache.velocity.runtime.parser.Parser.Reference(Parser.java:1525)
	at org.apache.velocity.runtime.parser.Parser.SetDirective(Parser.java:1961)
	at org.apache.velocity.runtime.parser.Parser.Statement(Parser.java:369)
	at org.apache.velocity.runtime.parser.Parser.Directive(Parser.java:918)
	at org.apache.velocity.runtime.parser.Parser.Statement(Parser.java:379)
	at org.apache.velocity.runtime.parser.Parser.process(Parser.java:317)
	at org.apache.velocity.runtime.parser.Parser.parse(Parser.java:117)
	at org.apache.velocity.runtime.RuntimeInstance.parse(RuntimeInstance.java:1226)
	at org.apache.velocity.runtime.RuntimeInstance.parse(RuntimeInstance.java:1181)
	at org.apache.velocity.Template.process(Template.java:134)
	at org.apache.velocity.runtime.resource.ResourceManagerImpl.loadResource(ResourceManagerImpl.java:437)
	at org.apache.velocity.runtime.resource.ResourceManagerImpl.getResource(ResourceManagerImpl.java:352)
	at org.apache.velocity.runtime.RuntimeInstance.getTemplate(RuntimeInstance.java:1533)
	at org.apache.velocity.app.VelocityEngine.getTemplate(VelocityEngine.java:392)
	at VelocityTemplateEngine.render(VelocityTemplateEngine.java:79)
	at Main.lambda$main$3(Main.java:108)
	at spark.RouteImpl$1.handle(RouteImpl.java:72)
	at spark.http.matching.Routes.execute(Routes.java:61)
	at spark.http.matching.MatcherFilter.doFilter(MatcherFilter.java:130)
	at spark.embeddedserver.jetty.JettyHandler.doHandle(JettyHandler.java:50)
	at org.eclipse.jetty.server.session.SessionHandler.doScope(SessionHandler.java:1568)
	at org.eclipse.jetty.server.handler.ScopedHandler.handle(ScopedHandler.java:141)
	at org.eclipse.jetty.server.handler.HandlerWrapper.handle(HandlerWrapper.java:132)
	at org.eclipse.jetty.server.Server.handle(Server.java:530)
	at org.eclipse.jetty.server.HttpChannel.handle(HttpChannel.java:347)
	at org.eclipse.jetty.server.HttpConnection.onFillable(HttpConnection.java:256)
	at org.eclipse.jetty.io.AbstractConnection$ReadCallback.succeeded(AbstractConnection.java:279)
	at org.eclipse.jetty.io.FillInterest.fillable(FillInterest.java:102)
	at org.eclipse.jetty.io.ChannelEndPoint$2.run(ChannelEndPoint.java:124)
	at org.eclipse.jetty.util.thread.strategy.EatWhatYouKill.doProduce(EatWhatYouKill.java:247)
	at org.eclipse.jetty.util.thread.strategy.EatWhatYouKill.produce(EatWhatYouKill.java:140)
	at org.eclipse.jetty.util.thread.strategy.EatWhatYouKill.run(EatWhatYouKill.java:131)
	at org.eclipse.jetty.util.thread.ReservedThreadExecutor$ReservedThread.run(ReservedThreadExecutor.java:382)
	at org.eclipse.jetty.util.thread.QueuedThreadPool.runJob(QueuedThreadPool.java:708)
	at org.eclipse.jetty.util.thread.QueuedThreadPool$2.run(QueuedThreadPool.java:626)
	at java.base/java.lang.Thread.run(Thread.java:830)
2020-02-12 10:23:55,828 - ResourceManager.getResource() parse exception
org.apache.velocity.exception.ParseErrorException: Encountered "#foreach" at templates/posts.vtl[line 54, column 13]
Was expecting one of:
    <IDENTIFIER> ...
    "{" ...
    
	at org.apache.velocity.Template.process(Template.java:151)
	at org.apache.velocity.runtime.resource.ResourceManagerImpl.loadResource(ResourceManagerImpl.java:437)
	at org.apache.velocity.runtime.resource.ResourceManagerImpl.getResource(ResourceManagerImpl.java:352)
	at org.apache.velocity.runtime.RuntimeInstance.getTemplate(RuntimeInstance.java:1533)
	at org.apache.velocity.app.VelocityEngine.getTemplate(VelocityEngine.java:392)
	at VelocityTemplateEngine.render(VelocityTemplateEngine.java:79)
	at Main.lambda$main$3(Main.java:108)
	at spark.RouteImpl$1.handle(RouteImpl.java:72)
	at spark.http.matching.Routes.execute(Routes.java:61)
	at spark.http.matching.MatcherFilter.doFilter(MatcherFilter.java:130)
	at spark.embeddedserver.jetty.JettyHandler.doHandle(JettyHandler.java:50)
	at org.eclipse.jetty.server.session.SessionHandler.doScope(SessionHandler.java:1568)
	at org.eclipse.jetty.server.handler.ScopedHandler.handle(ScopedHandler.java:141)
	at org.eclipse.jetty.server.handler.HandlerWrapper.handle(HandlerWrapper.java:132)
	at org.eclipse.jetty.server.Server.handle(Server.java:530)
	at org.eclipse.jetty.server.HttpChannel.handle(HttpChannel.java:347)
	at org.eclipse.jetty.server.HttpConnection.onFillable(HttpConnection.java:256)
	at org.eclipse.jetty.io.AbstractConnection$ReadCallback.succeeded(AbstractConnection.java:279)
	at org.eclipse.jetty.io.FillInterest.fillable(FillInterest.java:102)
	at org.eclipse.jetty.io.ChannelEndPoint$2.run(ChannelEndPoint.java:124)
	at org.eclipse.jetty.util.thread.strategy.EatWhatYouKill.doProduce(EatWhatYouKill.java:247)
	at org.eclipse.jetty.util.thread.strategy.EatWhatYouKill.produce(EatWhatYouKill.java:140)
	at org.eclipse.jetty.util.thread.strategy.EatWhatYouKill.run(EatWhatYouKill.java:131)
	at org.eclipse.jetty.util.thread.ReservedThreadExecutor$ReservedThread.run(ReservedThreadExecutor.java:382)
	at org.eclipse.jetty.util.thread.QueuedThreadPool.runJob(QueuedThreadPool.java:708)
	at org.eclipse.jetty.util.thread.QueuedThreadPool$2.run(QueuedThreadPool.java:626)
	at java.base/java.lang.Thread.run(Thread.java:830)
2020-02-12 10:23:55,851 - Parser Exception: templates/posts.vtl
org.apache.velocity.runtime.parser.ParseException: Encountered "#foreach" at line 54, column 13.
Was expecting one of:
    <IDENTIFIER> ...
    "{" ...
    
	at org.apache.velocity.runtime.parser.Parser.generateParseException(Parser.java:3679)
	at org.apache.velocity.runtime.parser.Parser.jj_consume_token(Parser.java:3558)
	at org.apache.velocity.runtime.parser.Parser.Reference(Parser.java:1525)
	at org.apache.velocity.runtime.parser.Parser.SetDirective(Parser.java:1961)
	at org.apache.velocity.runtime.parser.Parser.Statement(Parser.java:369)
	at org.apache.velocity.runtime.parser.Parser.Directive(Parser.java:918)
	at org.apache.velocity.runtime.parser.Parser.Statement(Parser.java:379)
	at org.apache.velocity.runtime.parser.Parser.process(Parser.java:317)
	at org.apache.velocity.runtime.parser.Parser.parse(Parser.java:117)
	at org.apache.velocity.runtime.RuntimeInstance.parse(RuntimeInstance.java:1226)
	at org.apache.velocity.runtime.RuntimeInstance.parse(RuntimeInstance.java:1181)
	at org.apache.velocity.Template.process(Template.java:134)
	at org.apache.velocity.runtime.resource.ResourceManagerImpl.loadResource(ResourceManagerImpl.java:437)
	at org.apache.velocity.runtime.resource.ResourceManagerImpl.getResource(ResourceManagerImpl.java:352)
	at org.apache.velocity.runtime.RuntimeInstance.getTemplate(RuntimeInstance.java:1533)
	at org.apache.velocity.app.VelocityEngine.getTemplate(VelocityEngine.java:392)
	at VelocityTemplateEngine.render(VelocityTemplateEngine.java:79)
	at Main.lambda$main$3(Main.java:108)
	at spark.RouteImpl$1.handle(RouteImpl.java:72)
	at spark.http.matching.Routes.execute(Routes.java:61)
	at spark.http.matching.MatcherFilter.doFilter(MatcherFilter.java:130)
	at spark.embeddedserver.jetty.JettyHandler.doHandle(JettyHandler.java:50)
	at org.eclipse.jetty.server.session.SessionHandler.doScope(SessionHandler.java:1568)
	at org.eclipse.jetty.server.handler.ScopedHandler.handle(ScopedHandler.java:141)
	at org.eclipse.jetty.server.handler.HandlerWrapper.handle(HandlerWrapper.java:132)
	at org.eclipse.jetty.server.Server.handle(Server.java:530)
	at org.eclipse.jetty.server.HttpChannel.handle(HttpChannel.java:347)
	at org.eclipse.jetty.server.HttpConnection.onFillable(HttpConnection.java:256)
	at org.eclipse.jetty.io.AbstractConnection$ReadCallback.succeeded(AbstractConnection.java:279)
	at org.eclipse.jetty.io.FillInterest.fillable(FillInterest.java:102)
	at org.eclipse.jetty.io.ChannelEndPoint$2.run(ChannelEndPoint.java:124)
	at org.eclipse.jetty.util.thread.strategy.EatWhatYouKill.doProduce(EatWhatYouKill.java:247)
	at org.eclipse.jetty.util.thread.strategy.EatWhatYouKill.produce(EatWhatYouKill.java:140)
	at org.eclipse.jetty.util.thread.strategy.EatWhatYouKill.run(EatWhatYouKill.java:131)
	at org.eclipse.jetty.util.thread.ReservedThreadExecutor$ReservedThread.run(ReservedThreadExecutor.java:382)
	at org.eclipse.jetty.util.thread.QueuedThreadPool.runJob(QueuedThreadPool.java:708)
	at org.eclipse.jetty.util.thread.QueuedThreadPool$2.run(QueuedThreadPool.java:626)
	at java.base/java.lang.Thread.run(Thread.java:830)
2020-02-12 10:23:55,853 - ResourceManager.getResource() parse exception
org.apache.velocity.exception.ParseErrorException: Encountered "#foreach" at templates/posts.vtl[line 54, column 13]
Was expecting one of:
    <IDENTIFIER> ...
    "{" ...
    
	at org.apache.velocity.Template.process(Template.java:151)
	at org.apache.velocity.runtime.resource.ResourceManagerImpl.loadResource(ResourceManagerImpl.java:437)
	at org.apache.velocity.runtime.resource.ResourceManagerImpl.getResource(ResourceManagerImpl.java:352)
	at org.apache.velocity.runtime.RuntimeInstance.getTemplate(RuntimeInstance.java:1533)
	at org.apache.velocity.app.VelocityEngine.getTemplate(VelocityEngine.java:392)
	at VelocityTemplateEngine.render(VelocityTemplateEngine.java:79)
	at Main.lambda$main$3(Main.java:108)
	at spark.RouteImpl$1.handle(RouteImpl.java:72)
	at spark.http.matching.Routes.execute(Routes.java:61)
	at spark.http.matching.MatcherFilter.doFilter(MatcherFilter.java:130)
	at spark.embeddedserver.jetty.JettyHandler.doHandle(JettyHandler.java:50)
	at org.eclipse.jetty.server.session.SessionHandler.doScope(SessionHandler.java:1568)
	at org.eclipse.jetty.server.handler.ScopedHandler.handle(ScopedHandler.java:141)
	at org.eclipse.jetty.server.handler.HandlerWrapper.handle(HandlerWrapper.java:132)
	at org.eclipse.jetty.server.Server.handle(Server.java:530)
	at org.eclipse.jetty.server.HttpChannel.handle(HttpChannel.java:347)
	at org.eclipse.jetty.server.HttpConnection.onFillable(HttpConnection.java:256)
	at org.eclipse.jetty.io.AbstractConnection$ReadCallback.succeeded(AbstractConnection.java:279)
	at org.eclipse.jetty.io.FillInterest.fillable(FillInterest.java:102)
	at org.eclipse.jetty.io.ChannelEndPoint$2.run(ChannelEndPoint.java:124)
	at org.eclipse.jetty.util.thread.strategy.EatWhatYouKill.doProduce(EatWhatYouKill.java:247)
	at org.eclipse.jetty.util.thread.strategy.EatWhatYouKill.produce(EatWhatYouKill.java:140)
	at org.eclipse.jetty.util.thread.strategy.EatWhatYouKill.run(EatWhatYouKill.java:131)
	at org.eclipse.jetty.util.thread.ReservedThreadExecutor$ReservedThread.run(ReservedThreadExecutor.java:382)
	at org.eclipse.jetty.util.thread.QueuedThreadPool.runJob(QueuedThreadPool.java:708)
	at org.eclipse.jetty.util.thread.QueuedThreadPool$2.run(QueuedThreadPool.java:626)
	at java.base/java.lang.Thread.run(Thread.java:830)
tractConnection$ReadCallback.succeeded(AbstractConnection.java:279)
	at org.eclipse.jetty.io.FillInterest.fillable(FillInterest.java:102)
	at org.eclipse.jetty.io.ChannelEndPoint$2.run(ChannelEndPoint.java:124)
	at org.eclipse.jetty.util.thread.strategy.EatWhatYouKill.doProduce(EatWhatYouKill.java:247)
	at org.eclipse.jetty.util.thread.strategy.EatWhatYouKill.produce(EatWhatYouKill.java:140)
	at org.eclipse.jetty.util.thread.strategy.EatWhatYouKill.run(EatWhatYouKill.java:131)
	at org.eclipse.jetty.util.thread.ReservedThreadExecutor$ReservedThread.run(ReservedThreadExecutor.java:382)
	at org.eclipse.jetty.util.thread.QueuedThreadPool.runJob(QueuedThreadPool.java:708)
	at org.eclipse.jetty.util.thread.QueuedThreadPool$2.run(QueuedThreadPool.java:626)
	at java.base/java.lang.Thread.run(Thread.java:830)
2020-02-12 10:23:55,828 - ResourceManager.getResource() parse exception
org.apache.velocity.exception.ParseErrorException: Encountered "#foreach" at templates/posts.vtl[line 54, column 13]
Was expecting one of:
    <IDENTIFIER> ...
    "{" ...
    
	at org.apache.velocity.Template.process(Template.java:151)
	at org.apache.velocity.runtime.resource.ResourceManagerImpl.loadResource(ResourceManagerImpl.java:437)
	at org.apache.velocity.runtime.resource.ResourceManagerImpl.getResource(ResourceManagerImpl.java:352)
	at org.apache.velocity.runtime.RuntimeInstance.getTemplate(RuntimeInstance.java:1533)
	at org.apache.velocity.app.VelocityEngine.getTemplate(VelocityEngine.java:392)
	at VelocityTemplateEngine.render(VelocityTemplateEngine.java:79)
	at Main.lambda$main$3(Main.java:108)
	at spark.RouteImpl$1.handle(RouteImpl.java:72)
	at spark.http.matching.Routes.execute(Routes.java:61)
	at spark.http.matching.MatcherFilter.doFilter(MatcherFilter.java:130)
	at spark.embeddedserver.jetty.JettyHandler.doHandle(JettyHandler.java:50)
	at org.eclipse.jetty.server.session.SessionHandler.doScope(SessionHandler.java:1568)
	at org.eclipse.jetty.server.handler.ScopedHandler.handle(ScopedHandler.java:141)
	at org.eclipse.jetty.server.handler.HandlerWrapper.handle(HandlerWrapper.java:132)
	at org.eclipse.jetty.server.Server.handle(Server.java:530)
	at org.eclipse.jetty.server.HttpChannel.handle(HttpChannel.java:347)
	at org.eclipse.jetty.server.HttpConnection.onFillable(HttpConnection.java:256)
	at org.eclipse.jetty.io.AbstractConnection$ReadCallback.succeeded(AbstractConnection.java:279)
	at org.eclipse.jetty.io.FillInterest.fillable(FillInterest.java:102)
	at org.eclipse.jetty.io.ChannelEndPoint$2.run(ChannelEndPoint.java:124)
	at org.eclipse.jetty.util.thread.strategy.EatWhatYouKill.doProduce(EatWhatYouKill.java:247)
	at org.eclipse.jetty.util.thread.strategy.EatWhatYouKill.produce(EatWhatYouKill.java:140)
	at org.eclipse.jetty.util.thread.strategy.EatWhatYouKill.run(EatWhatYouKill.java:131)
	at org.eclipse.jetty.util.thread.ReservedThreadExecutor$ReservedThread.run(ReservedThreadExecutor.java:382)
	at org.eclipse.jetty.util.thread.QueuedThreadPool.runJob(QueuedThreadPool.java:708)
	at org.eclipse.jetty.util.thread.QueuedThreadPool$2.run(QueuedThreadPool.java:626)
	at java.base/java.lang.Thread.run(Thread.java:830)
2020-02-12 10:23:55,851 - Parser Exception: templates/posts.vtl
org.apache.velocity.runtime.parser.ParseException: Encountered "#foreach" at line 54, column 13.
Was expecting one of:
    <IDENTIFIER> ...
    "{" ...
    
	at org.apache.velocity.runtime.parser.Parser.generateParseException(Parser.java:3679)
	at org.apache.velocity.runtime.parser.Parser.jj_consume_token(Parser.java:3558)
	at org.apache.velocity.runtime.parser.Parser.Reference(Parser.java:1525)
	at org.apache.velocity.runtime.parser.Parser.SetDirective(Parser.java:1961)
	at org.apache.velocity.runtime.parser.Parser.Statement(Parser.java:369)
	at org.apache.velocity.runtime.parser.Parser.Directive(Parser.java:918)
	at org.apache.velocity.runtime.parser.Parser.Statement(Parser.java:379)
	at org.apache.velocity.runtime.parser.Parser.process(Parser.java:317)
	at org.apache.velocity.runtime.parser.Parser.parse(Parser.java:117)
	at org.apache.velocity.runtime.RuntimeInstance.parse(RuntimeInstance.java:1226)
	at org.apache.velocity.runtime.RuntimeInstance.parse(RuntimeInstance.java:1181)
	at org.apache.velocity.Template.process(Template.java:134)
	at org.apache.velocity.runtime.resource.ResourceManagerImpl.loadResource(ResourceManagerImpl.java:437)
	at org.apache.velocity.runtime.resource.ResourceManagerImpl.getResource(ResourceManagerImpl.java:352)
	at org.apache.velocity.runtime.RuntimeInstance.getTemplate(RuntimeInstance.java:1533)
	at org.apache.velocity.app.VelocityEngine.getTemplate(VelocityEngine.java:392)
	at VelocityTemplateEngine.render(VelocityTemplateEngine.java:79)
	at Main.lambda$main$3(Main.java:108)
	at spark.RouteImpl$1.handle(RouteImpl.java:72)
	at spark.http.matching.Routes.execute(Routes.java:61)
	at spark.http.matching.MatcherFilter.doFilter(MatcherFilter.java:130)
	at spark.embeddedserver.jetty.JettyHandler.doHandle(JettyHandler.java:50)
	at org.eclipse.jetty.server.session.SessionHandler.doScope(SessionHandler.java:1568)
	at org.eclipse.jetty.server.handler.ScopedHandler.handle(ScopedHandler.java:141)
	at org.eclipse.jetty.server.handler.HandlerWrapper.handle(HandlerWrapper.java:132)
	at org.eclipse.jetty.server.Server.handle(Server.java:530)
	at org.eclipse.jetty.server.HttpChannel.handle(HttpChannel.java:347)
	at org.eclipse.jetty.server.HttpConnection.onFillable(HttpConnection.java:256)
	at org.eclipse.jetty.io.AbstractConnection$ReadCallback.succeeded(AbstractConnection.java:279)
	at org.eclipse.jetty.io.FillInterest.fillable(FillInterest.java:102)
	at org.eclipse.jetty.io.ChannelEndPoint$2.run(ChannelEndPoint.java:124)
	at org.eclipse.jetty.util.thread.strategy.EatWhatYouKill.doProduce(EatWhatYouKill.java:247)
	at org.eclipse.jetty.util.thread.strategy.EatWhatYouKill.produce(EatWhatYouKill.java:140)
	at org.eclipse.jetty.util.thread.strategy.EatWhatYouKill.run(EatWhatYouKill.java:131)
	at org.eclipse.jetty.util.thread.ReservedThreadExecutor$ReservedThread.run(ReservedThreadExecutor.java:382)
	at org.eclipse.jetty.util.thread.QueuedThreadPool.runJob(QueuedThreadPool.java:708)
	at org.eclipse.jetty.util.thread.QueuedThreadPool$2.run(QueuedThreadPool.java:626)
	at java.base/java.lang.Thread.run(Thread.java:830)
2020-02-12 10:23:55,851 - Parser Exception: templates/posts.vtl
org.apache.velocity.runtime.parser.ParseException: Encountered "#foreach" at line 54, column 13.
Was expecting one of:
    <IDENTIFIER> ...
    "{" ...
    
	at org.apache.velocity.runtime.parser.Parser.generateParseException(Parser.java:3679)
	at org.apache.velocity.runtime.parser.Parser.jj_consume_token(Parser.java:3558)
	at org.apache.velocity.runtime.parser.Parser.Reference(Parser.java:1525)
	at org.apache.velocity.runtime.parser.Parser.SetDirective(Parser.java:1961)
	at org.apache.velocity.runtime.parser.Parser.Statement(Parser.java:369)
	at org.apache.velocity.runtime.parser.Parser.Directive(Parser.java:918)
	at org.apache.velocity.runtime.parser.Parser.Statement(Parser.java:379)
	at org.apache.velocity.runtime.parser.Parser.process(Parser.java:317)
	at org.apache.velocity.runtime.parser.Parser.parse(Parser.java:117)
	at org.apache.velocity.runtime.RuntimeInstance.parse(RuntimeInstance.java:1226)
	at org.apache.velocity.runtime.RuntimeInstance.parse(RuntimeInstance.java:1181)
	at org.apache.velocity.Template.process(Template.java:134)
	at org.apache.velocity.runtime.resource.ResourceManagerImpl.loadResource(ResourceManagerImpl.java:437)
	at org.apache.velocity.runtime.resource.ResourceManagerImpl.getResource(ResourceManagerImpl.java:352)
	at org.apache.velocity.runtime.RuntimeInstance.getTemplate(RuntimeInstance.java:1533)
	at org.apache.velocity.app.VelocityEngine.getTemplate(VelocityEngine.java:392)
	at VelocityTemplateEngine.render(VelocityTemplateEngine.java:79)
	at Main.lambda$main$3(Main.java:108)
	at spark.RouteImpl$1.handle(RouteImpl.java:72)
	at spark.http.matching.Routes.execute(Routes.java:61)
	at spark.http.matching.MatcherFilter.doFilter(MatcherFilter.java:130)
	at spark.embeddedserver.jetty.JettyHandler.doHandle(JettyHandler.java:50)
	at org.eclipse.jetty.server.session.SessionHandler.doScope(SessionHandler.java:1568)
	at org.eclipse.jetty.server.handler.ScopedHandler.handle(ScopedHandler.java:141)
	at org.eclipse.jetty.server.handler.HandlerWrapper.handle(HandlerWrapper.java:132)
	at org.eclipse.jetty.server.Server.handle(Server.java:530)
	at org.eclipse.jetty.server.HttpChannel.handle(HttpChannel.java:347)
	at org.eclipse.jetty.server.HttpConnection.onFillable(HttpConnection.java:256)
	at org.eclipse.jetty.io.AbstractConnection$ReadCallback.succeeded(AbstractConnection.java:279)
	at org.eclipse.jetty.io.FillInterest.fillable(FillInterest.java:102)
	at org.eclipse.jetty.io.ChannelEndPoint$2.run(ChannelEndPoint.java:124)
	at org.eclipse.jetty.util.thread.strategy.EatWhatYouKill.doProduce(EatWhatYouKill.java:247)
	at org.eclipse.jetty.util.thread.strategy.EatWhatYouKill.produce(EatWhatYouKill.java:140)
	at org.eclipse.jetty.util.thread.strategy.EatWhatYouKill.run(EatWhatYouKill.java:131)
	at org.eclipse.jetty.util.thread.ReservedThreadExecutor$ReservedThread.run(ReservedThreadExecutor.java:382)
	at org.eclipse.jetty.util.thread.QueuedThreadPool.runJob(QueuedThreadPool.java:708)
	at org.eclipse.jetty.util.thread.QueuedThreadPool$2.run(QueuedThreadPool.java:626)
	at java.base/java.lang.Thread.run(Thread.java:830)
2020-02-12 10:23:55,851 - Parser Exception: templates/posts.vtl
org.apache.velocity.runtime.parser.ParseException: Encountered "#foreach" at line 54, column 13.
Was expecting one of:
    <IDENTIFIER> ...
    "{" ...
    
	at org.apache.velocity.runtime.parser.Parser.generateParseException(Parser.java:3679)
	at org.apache.velocity.runtime.parser.Parser.jj_consume_token(Parser.java:3558)
	at org.apache.velocity.runtime.parser.Parser.Reference(Parser.java:1525)
	at org.apache.velocity.runtime.parser.Parser.SetDirective(Parser.java:1961)
	at org.apache.velocity.runtime.parser.Parser.Statement(Parser.java:369)
	at org.apache.velocity.runtime.parser.Parser.Directive(Parser.java:918)
	at org.apache.velocity.runtime.parser.Parser.Statement(Parser.java:379)
	at org.apache.velocity.runtime.parser.Parser.process(Parser.java:317)
	at org.apache.velocity.runtime.parser.Parser.parse(Parser.java:117)
	at org.apache.velocity.runtime.RuntimeInstance.parse(RuntimeInstance.java:1226)
	at org.apache.velocity.runtime.RuntimeInstance.parse(RuntimeInstance.java:1181)
	at org.apache.velocity.Template.process(Template.java:134)
	at org.apache.velocity.runtime.resource.ResourceManagerImpl.loadResource(ResourceManagerImpl.java:437)
	at org.apache.velocity.runtime.resource.ResourceManagerImpl.getResource(ResourceManagerImpl.java:352)
	at org.apache.velocity.runtime.RuntimeInstance.getTemplate(RuntimeInstance.java:1533)
	at org.apache.velocity.app.VelocityEngine.getTemplate(VelocityEngine.java:392)
	at VelocityTemplateEngine.render(VelocityTemplateEngine.java:79)
	at Main.lambda$main$3(Main.java:108)
	at spark.RouteImpl$1.handle(RouteImpl.java:72)
	at spark.http.matching.Routes.execute(Routes.java:61)
	at spark.http.matching.MatcherFilter.doFilter(MatcherFilter.java:130)
	at spark.embeddedserver.jetty.JettyHandler.doHandle(JettyHandler.java:50)
	at org.eclipse.jetty.server.session.SessionHandler.doScope(SessionHandler.java:1568)
	at org.eclipse.jetty.server.handler.ScopedHandler.handle(ScopedHandler.java:141)
	at org.eclipse.jetty.server.handler.HandlerWrapper.handle(HandlerWrapper.java:132)
	at org.eclipse.jetty.server.Server.handle(Server.java:530)
	at org.eclipse.jetty.server.HttpChannel.handle(HttpChannel.java:347)
	at org.eclipse.jetty.server.HttpConnection.onFillable(HttpConnection.java:256)
	at org.eclipse.jetty.io.AbstractConnection$ReadCallback.succeeded(AbstractConnection.java:279)
	at org.eclipse.jetty.io.FillInterest.fillable(FillInterest.java:102)
	at org.eclipse.jetty.io.ChannelEndPoint$2.run(ChannelEndPoint.java:124)
	at org.eclipse.jetty.util.thread.strategy.EatWhatYouKill.doProduce(EatWhatYouKill.java:247)
	at org.eclipse.jetty.util.thread.strategy.EatWhatYouKill.produce(EatWhatYouKill.java:140)
	at org.eclipse.jetty.util.thread.strategy.EatWhatYouKill.run(EatWhatYouKill.java:131)
	at org.eclipse.jetty.util.thread.ReservedThreadExecutor$ReservedThread.run(ReservedThreadExecutor.java:382)
	at org.eclipse.jetty.util.thread.QueuedThreadPool.runJob(QueuedThreadPool.java:708)
	at org.eclipse.jetty.util.thread.QueuedThreadPool$2.run(QueuedThreadPool.java:626)
	at java.base/java.lang.Thread.run(Thread.java:830)
2020-02-12 10:23:55,853 - ResourceManager.getResource() parse exception
org.apache.velocity.exception.ParseErrorException: Encountered "#foreach" at templates/posts.vtl[line 54, column 13]
Was expecting one of:
    <IDENTIFIER> ...
    "{" ...
    
	at org.apache.velocity.Template.process(Template.java:151)
	at org.apache.velocity.runtime.resource.ResourceManagerImpl.loadResource(ResourceManagerImpl.java:437)
	at org.apache.velocity.runtime.resource.ResourceManagerImpl.getResource(ResourceManagerImpl.java:352)
	at org.apache.velocity.runtime.RuntimeInstance.getTemplate(RuntimeInstance.java:1533)
	at org.apache.velocity.app.VelocityEngine.getTemplate(VelocityEngine.java:392)
	at VelocityTemplateEngine.render(VelocityTemplateEngine.java:79)
	at Main.lambda$main$3(Main.java:108)
	at spark.RouteImpl$1.handle(RouteImpl.java:72)
	at spark.http.matching.Routes.execute(Routes.java:61)
	at spark.http.matching.MatcherFilter.doFilter(MatcherFilter.java:130)
	at spark.embeddedserver.jetty.JettyHandler.doHandle(JettyHandler.java:50)
	at org.eclipse.jetty.server.session.SessionHandler.doScope(SessionHandler.java:1568)
	at org.eclipse.jetty.server.handler.ScopedHandler.handle(ScopedHandler.java:141)
	at org.eclipse.jetty.server.handler.HandlerWrapper.handle(HandlerWrapper.java:132)
	at org.eclipse.jetty.server.Server.handle(Server.java:530)
	at org.eclipse.jetty.server.HttpChannel.handle(HttpChannel.java:347)
	at org.eclipse.jetty.server.HttpConnection.onFillable(HttpConnection.java:256)
	at org.eclipse.jetty.io.AbstractConnection$ReadCallback.succeeded(AbstractConnection.java:279)
	at org.eclipse.jetty.io.FillInterest.fillable(FillInterest.java:102)
	at org.eclipse.jetty.io.ChannelEndPoint$2.run(ChannelEndPoint.java:124)
	at org.eclipse.jetty.util.thread.strategy.EatWhatYouKill.doProduce(EatWhatYouKill.java:247)
	at org.eclipse.jetty.util.thread.strategy.EatWhatYouKill.produce(EatWhatYouKill.java:140)
	at org.eclipse.jetty.util.thread.strategy.EatWhatYouKill.run(EatWhatYouKill.java:131)
	at org.eclipse.jetty.util.thread.ReservedThreadExecutor$ReservedThread.run(ReservedThreadExecutor.java:382)
	at org.eclipse.jetty.util.thread.QueuedThreadPool.runJob(QueuedThreadPool.java:708)
	at org.eclipse.jetty.util.thread.QueuedThreadPool$2.run(QueuedThreadPool.java:626)
	at java.base/java.lang.Thread.run(Thread.java:830)
2020-02-12 10:23:55,853 - ResourceManager.getResource() parse exception
org.apache.velocity.exception.ParseErrorException: Encountered "#foreach" at templates/posts.vtl[line 54, column 13]
Was expecting one of:
    <IDENTIFIER> ...
    "{" ...
    
	at org.apache.velocity.Template.process(Template.java:151)
	at org.apache.velocity.runtime.resource.ResourceManagerImpl.loadResource(ResourceManagerImpl.java:437)
	at org.apache.velocity.runtime.resource.ResourceManagerImpl.getResource(ResourceManagerImpl.java:352)
	at org.apache.velocity.runtime.RuntimeInstance.getTemplate(RuntimeInstance.java:1533)
	at org.apache.velocity.app.VelocityEngine.getTemplate(VelocityEngine.java:392)
	at VelocityTemplateEngine.render(VelocityTemplateEngine.java:79)
	at Main.lambda$main$3(Main.java:108)
	at spark.RouteImpl$1.handle(RouteImpl.java:72)
	at spark.http.matching.Routes.execute(Routes.java:61)
	at spark.http.matching.MatcherFilter.doFilter(MatcherFilter.java:130)
	at spark.embeddedserver.jetty.JettyHandler.doHandle(JettyHandler.java:50)
	at org.eclipse.jetty.server.session.SessionHandler.doScope(SessionHandler.java:1568)
	at org.eclipse.jetty.server.handler.ScopedHandler.handle(ScopedHandler.java:141)
	at org.eclipse.jetty.server.handler.HandlerWrapper.handle(HandlerWrapper.java:132)
	at org.eclipse.jetty.server.Server.handle(Server.java:530)
	at org.eclipse.jetty.server.HttpChannel.handle(HttpChannel.java:347)
	at org.eclipse.jetty.server.HttpConnection.onFillable(HttpConnection.java:256)
	at org.eclipse.jetty.io.AbstractConnection$ReadCallback.succeeded(AbstractConnection.java:279)
	at org.eclipse.jetty.io.FillInterest.fillable(FillInterest.java:102)
	at org.eclipse.jetty.io.ChannelEndPoint$2.run(ChannelEndPoint.java:124)
	at org.eclipse.jetty.util.thread.strategy.EatWhatYouKill.doProduce(EatWhatYouKill.java:247)
	at org.eclipse.jetty.util.thread.strategy.EatWhatYouKill.produce(EatWhatYouKill.java:140)
	at org.eclipse.jetty.util.thread.strategy.EatWhatYouKill.run(EatWhatYouKill.java:131)
	at org.eclipse.jetty.util.thread.ReservedThreadExecutor$ReservedThread.run(ReservedThreadExecutor.java:382)
	at org.eclipse.jetty.util.thread.QueuedThreadPool.runJob(QueuedThreadPool.java:708)
	at org.eclipse.jetty.util.thread.QueuedThreadPool$2.run(QueuedThreadPool.java:626)
	at java.base/java.lang.Thread.run(Thread.java:830)
2020-02-12 10:23:55,853 - ResourceManager.getResource() parse exception
org.apache.velocity.exception.ParseErrorException: Encountered "#foreach" at templates/posts.vtl[line 54, column 13]
Was expecting one of:
    <IDENTIFIER> ...
    "{" ...
    
	at org.apache.velocity.Template.process(Template.java:151)
	at org.apache.velocity.runtime.resource.ResourceManagerImpl.loadResource(ResourceManagerImpl.java:437)
	at org.apache.velocity.runtime.resource.ResourceManagerImpl.getResource(ResourceManagerImpl.java:352)
	at org.apache.velocity.runtime.RuntimeInstance.getTemplate(RuntimeInstance.java:1533)
	at org.apache.velocity.app.VelocityEngine.getTemplate(VelocityEngine.java:392)
	at VelocityTemplateEngine.render(VelocityTemplateEngine.java:79)
	at Main.lambda$main$3(Main.java:108)
	at spark.RouteImpl$1.handle(RouteImpl.java:72)
	at spark.http.matching.Routes.execute(Routes.java:61)
	at spark.http.matching.MatcherFilter.doFilter(MatcherFilter.java:130)
	at spark.embeddedserver.jetty.JettyHandler.doHandle(JettyHandler.java:50)
	at org.eclipse.jetty.server.session.SessionHandler.doScope(SessionHandler.java:1568)
	at org.eclipse.jetty.server.handler.ScopedHandler.handle(ScopedHandler.java:141)
	at org.eclipse.jetty.server.handler.HandlerWrapper.handle(HandlerWrapper.java:132)
	at org.eclipse.jetty.server.Server.handle(Server.java:530)
	at org.eclipse.jetty.server.HttpChannel.handle(HttpChannel.java:347)
	at org.eclipse.jetty.server.HttpConnection.onFillable(HttpConnection.java:256)
	at org.eclipse.jetty.io.AbstractConnection$ReadCallback.succeeded(AbstractConnection.java:279)
	at org.eclipse.jetty.io.FillInterest.fillable(FillInterest.java:102)
	at org.eclipse.jetty.io.ChannelEndPoint$2.run(ChannelEndPoint.java:124)
	at org.eclipse.jetty.util.thread.strategy.EatWhatYouKill.doProduce(EatWhatYouKill.java:247)
	at org.eclipse.jetty.util.thread.strategy.EatWhatYouKill.produce(EatWhatYouKill.java:140)
	at org.eclipse.jetty.util.thread.strategy.EatWhatYouKill.run(EatWhatYouKill.java:131)
	at org.eclipse.jetty.util.thread.ReservedThreadExecutor$ReservedThread.run(ReservedThreadExecutor.java:382)
	at org.eclipse.jetty.util.thread.QueuedThreadPool.runJob(QueuedThreadPool.java:708)
	at org.eclipse.jetty.util.thread.QueuedThreadPool$2.run(QueuedThreadPool.java:626)
	at java.base/java.lang.Thread.run(Thread.java:830)
